\BOOKMARK [1][-]{section.1}{Einleitung}{}% 1
\BOOKMARK [2][-]{subsection.1.1}{Geschichtlicher Hintergrund}{section.1}% 2
\BOOKMARK [2][-]{subsection.1.2}{Pricing Strategien}{section.1}% 3
\BOOKMARK [2][-]{subsection.1.3}{Motivation}{section.1}% 4
\BOOKMARK [3][-]{subsubsection.1.3.1}{Unmittelbar Nutzen}{subsection.1.3}% 5
\BOOKMARK [3][-]{subsubsection.1.3.2}{Potentielle M\366glichkeiten}{subsection.1.3}% 6
\BOOKMARK [1][-]{section.2}{Grundlagen}{}% 7
\BOOKMARK [2][-]{subsection.2.1}{Datensatz}{section.2}% 8
\BOOKMARK [2][-]{subsection.2.2}{PSQL Datenbank}{section.2}% 9
\BOOKMARK [3][-]{subsubsection.2.2.1}{Funktion}{subsection.2.2}% 10
\BOOKMARK [3][-]{subsubsection.2.2.2}{Indexing}{subsection.2.2}% 11
\BOOKMARK [2][-]{subsection.2.3}{Verwendete Programme und Packages}{section.2}% 12
\BOOKMARK [2][-]{subsection.2.4}{Pricing-Tool}{section.2}% 13
\BOOKMARK [3][-]{subsubsection.2.4.1}{Funktionsweise}{subsection.2.4}% 14
\BOOKMARK [3][-]{subsubsection.2.4.2}{Konkurrenz bestimmen}{subsection.2.4}% 15
\BOOKMARK [3][-]{subsubsection.2.4.3}{Regeln festlegen}{subsection.2.4}% 16
\BOOKMARK [3][-]{subsubsection.2.4.4}{Automatisierung w\344hlen}{subsection.2.4}% 17
\BOOKMARK [1][-]{section.3}{Anforderungsanalyse}{}% 18
\BOOKMARK [2][-]{subsection.3.1}{Zielsetzung}{section.3}% 19
\BOOKMARK [2][-]{subsection.3.2}{Generelle Voranalyse}{section.3}% 20
\BOOKMARK [3][-]{subsubsection.3.2.1}{Datenmenge}{subsection.3.2}% 21
\BOOKMARK [3][-]{subsubsection.3.2.2}{Strukturierung des Datensatzes}{subsection.3.2}% 22
\BOOKMARK [3][-]{subsubsection.3.2.3}{Algoritmen und andere Ans\344tze}{subsection.3.2}% 23
\BOOKMARK [2][-]{subsection.3.3}{Modularisierung}{section.3}% 24
\BOOKMARK [1][-]{section.4}{Umsetzung}{}% 25
\BOOKMARK [2][-]{subsection.4.1}{Datenaufbereitung}{section.4}% 26
\BOOKMARK [2][-]{subsection.4.2}{Tankstellendaten}{section.4}% 27
\BOOKMARK [3][-]{subsubsection.4.2.1}{Preisdaten}{subsection.4.2}% 28
\BOOKMARK [2][-]{subsection.4.3}{Potentielle Konkurrenten ermitteln}{section.4}% 29
\BOOKMARK [2][-]{subsection.4.4}{Reaktionen erkennen}{section.4}% 30
\BOOKMARK [3][-]{subsubsection.4.4.1}{Zeitliche Komponente}{subsection.4.4}% 31
\BOOKMARK [3][-]{subsubsection.4.4.2}{Semantische Komponente}{subsection.4.4}% 32
\BOOKMARK [3][-]{subsubsection.4.4.3}{Fallunterscheidung}{subsection.4.4}% 33
\BOOKMARK [2][-]{subsection.4.5}{Regeln spezifizieren}{section.4}% 34
\BOOKMARK [3][-]{subsubsection.4.5.1}{Maximaler Preisabstand}{subsection.4.5}% 35
\BOOKMARK [3][-]{subsubsection.4.5.2}{Zeitinterval}{subsection.4.5}% 36
\BOOKMARK [3][-]{subsubsection.4.5.3}{Klassifikation Konkurrenz}{subsection.4.5}% 37
\BOOKMARK [2][-]{subsection.4.6}{Automatisierungsgrad bestimmen}{section.4}% 38
\BOOKMARK [3][-]{subsubsection.4.6.1}{Formen der Automatisierung}{subsection.4.6}% 39
\BOOKMARK [3][-]{subsubsection.4.6.2}{Regelverletzung und Reaktionszeiten}{subsection.4.6}% 40
\BOOKMARK [1][-]{section.5}{Ergebnisse}{}% 41
\BOOKMARK [2][-]{subsection.5.1}{Beschreibung}{section.5}% 42
\BOOKMARK [2][-]{subsection.5.2}{Diskussion}{section.5}% 43
\BOOKMARK [3][-]{subsubsection.5.2.1}{Statistiken}{subsection.5.2}% 44
\BOOKMARK [3][-]{subsubsection.5.2.2}{Problemanalyse}{subsection.5.2}% 45
\BOOKMARK [2][-]{subsection.5.3}{Zusammenfassung}{section.5}% 46
\BOOKMARK [1][-]{section.6}{Fazit}{}% 47
\BOOKMARK [2][-]{subsection.6.1}{Weitere M\366glichkeiten}{section.6}% 48
\BOOKMARK [3][-]{subsubsection.6.1.1}{Gegenrichtung pr\374fen}{subsection.6.1}% 49
\BOOKMARK [3][-]{subsubsection.6.1.2}{Reaktionen an Regeln trimmen}{subsection.6.1}% 50
\BOOKMARK [3][-]{subsubsection.6.1.3}{Ausl\366ser untereinander vergleichen}{subsection.6.1}% 51
\BOOKMARK [3][-]{subsubsection.6.1.4}{Constraint Satisfaction}{subsection.6.1}% 52
