\BOOKMARK [0][-]{chapter.1}{Einleitung}{}% 1
\BOOKMARK [1][-]{section.1.1}{Geschichtlicher Hintergrund}{chapter.1}% 2
\BOOKMARK [1][-]{section.1.2}{Pricing Strategien}{chapter.1}% 3
\BOOKMARK [1][-]{section.1.3}{Motivation}{chapter.1}% 4
\BOOKMARK [2][-]{subsection.1.3.1}{Unmittelbarer Nutzen}{section.1.3}% 5
\BOOKMARK [2][-]{subsection.1.3.2}{Potentielle M\366glichkeiten}{section.1.3}% 6
\BOOKMARK [0][-]{chapter.2}{Grundlagen}{}% 7
\BOOKMARK [1][-]{section.2.1}{Datensatz}{chapter.2}% 8
\BOOKMARK [1][-]{section.2.2}{Pricing-Tool}{chapter.2}% 9
\BOOKMARK [2][-]{subsection.2.2.1}{Funktionsweise}{section.2.2}% 10
\BOOKMARK [2][-]{subsection.2.2.2}{Konkurrenz bestimmen}{section.2.2}% 11
\BOOKMARK [2][-]{subsection.2.2.3}{Regeln festlegen}{section.2.2}% 12
\BOOKMARK [2][-]{subsection.2.2.4}{Automatisierung w\344hlen}{section.2.2}% 13
\BOOKMARK [1][-]{section.2.3}{Verwendete Programme und Packages}{chapter.2}% 14
\BOOKMARK [0][-]{chapter.3}{Anforderungsanalyse}{}% 15
\BOOKMARK [1][-]{section.3.1}{Zielsetzung}{chapter.3}% 16
\BOOKMARK [1][-]{section.3.2}{Generelle Voranalyse}{chapter.3}% 17
\BOOKMARK [2][-]{subsection.3.2.1}{Datenmenge}{section.3.2}% 18
\BOOKMARK [2][-]{subsection.3.2.2}{Strukturierung des Datensatzes}{section.3.2}% 19
\BOOKMARK [2][-]{subsection.3.2.3}{Algorithmen und andere Ans\344tze}{section.3.2}% 20
\BOOKMARK [1][-]{section.3.3}{Modularisierung}{chapter.3}% 21
\BOOKMARK [0][-]{chapter.4}{Umsetzung}{}% 22
\BOOKMARK [1][-]{section.4.1}{Datenaufbereitung}{chapter.4}% 23
\BOOKMARK [2][-]{subsection.4.1.1}{Tankstellendaten}{section.4.1}% 24
\BOOKMARK [2][-]{subsection.4.1.2}{Preisdaten}{section.4.1}% 25
\BOOKMARK [1][-]{section.4.2}{Potentielle Konkurrenten ermitteln}{chapter.4}% 26
\BOOKMARK [1][-]{section.4.3}{Reaktionen erkennen}{chapter.4}% 27
\BOOKMARK [2][-]{subsection.4.3.1}{Zeitliche Komponente}{section.4.3}% 28
\BOOKMARK [2][-]{subsection.4.3.2}{Semantische Komponente}{section.4.3}% 29
\BOOKMARK [2][-]{subsection.4.3.3}{Fallunterscheidung}{section.4.3}% 30
\BOOKMARK [1][-]{section.4.4}{Regeln spezifizieren}{chapter.4}% 31
\BOOKMARK [2][-]{subsection.4.4.1}{Maximaler Preisabstand}{section.4.4}% 32
\BOOKMARK [2][-]{subsection.4.4.2}{Zeitintervall}{section.4.4}% 33
\BOOKMARK [2][-]{subsection.4.4.3}{Klassifikation Konkurrenz}{section.4.4}% 34
\BOOKMARK [0][-]{chapter.5}{Ergebnisse}{}% 35
\BOOKMARK [1][-]{section.5.1}{Diskussion}{chapter.5}% 36
\BOOKMARK [0][-]{chapter.6}{Fazit}{}% 37
\BOOKMARK [1][-]{section.6.1}{Zusammenfassung}{chapter.6}% 38
\BOOKMARK [1][-]{section.6.2}{Ausblick}{chapter.6}% 39
\BOOKMARK [2][-]{subsection.6.2.1}{Ausl\366ser und Korrelation unterscheiden}{section.6.2}% 40
\BOOKMARK [2][-]{subsection.6.2.2}{Gegenrichtung \374berpr\374fen}{section.6.2}% 41
\BOOKMARK [2][-]{subsection.6.2.3}{Generelle Muster bei Markentankstellen \374berpr\374fen}{section.6.2}% 42
\BOOKMARK [2][-]{subsection.6.2.4}{Marktsimulation}{section.6.2}% 43
